# JRE version: OpenJDK Runtime Environment Temurin-17.0.7+7 (17.0.7+7) (build 17.0.7+7)
# Java VM: OpenJDK 64-Bit Server VM Temurin-17.0.7+7 (17.0.7+7, mixed mode, tiered, compressed oops, compressed class ptrs, parallel gc, windows-amd64)
GC Precious Log:
 CPUs: 16 total, 16 available
 Memory: 16305M
 Large Page Support: Disabled
 NUMA Support: Disabled
 Compressed Oops: Enabled (32-bit)
 Alignments: Space 512K, Generation 512K, Heap 2M
 Heap Min Capacity: 100M
 Heap Initial Capacity: 100M
 Heap Max Capacity: 1G
 Pre-touch: Disabled
 Parallel Workers: 13
Heap:
 PSYoungGen      total 17920K, used 5136K [0x00000000eab00000, 0x00000000ec480000, 0x0000000100000000)
  eden space 12288K, 0% used [0x00000000eab00000,0x00000000eab00000,0x00000000eb700000)
  from space 5632K, 91% used [0x00000000eb700000,0x00000000ebc043d0,0x00000000ebc80000)
  to   space 6144K, 0% used [0x00000000ebe80000,0x00000000ebe80000,0x00000000ec480000)
 ParOldGen       total 291840K, used 287109K [0x00000000c0000000, 0x00000000d1d00000, 0x00000000eab00000)
  object space 291840K, 98% used [0x00000000c0000000,0x00000000d1861580,0x00000000d1d00000)
 Metaspace       used 68976K, committed 70208K, reserved 1114112K
  class space    used 7286K, committed 7808K, reserved 1048576K
GC Heap History (20 events):
Event: 208.487 GC heap after
{Heap after GC invocations=253 (full 14):
 PSYoungGen      total 22016K, used 7661K [0x00000000eab00000, 0x00000000ece00000, 0x0000000100000000)
  eden space 14336K, 0% used [0x00000000eab00000,0x00000000eab00000,0x00000000eb900000)
  from space 7680K, 99% used [0x00000000ec280000,0x00000000ec9fb7f0,0x00000000eca00000)
  to   space 9728K, 0% used [0x00000000eb900000,0x00000000eb900000,0x00000000ec280000)
 ParOldGen       total 291840K, used 257358K [0x00000000c0000000, 0x00000000d1d00000, 0x00000000eab00000)
  object space 291840K, 88% used [0x00000000c0000000,0x00000000cfb53958,0x00000000d1d00000)
 Metaspace       used 68960K, committed 70208K, reserved 1114112K
  class space    used 7281K, committed 7808K, reserved 1048576K
}
Event: 208.520 GC heap before
{Heap before GC invocations=254 (full 14):
 PSYoungGen      total 22016K, used 21997K [0x00000000eab00000, 0x00000000ece00000, 0x0000000100000000)
  eden space 14336K, 100% used [0x00000000eab00000,0x00000000eb900000,0x00000000eb900000)
  from space 7680K, 99% used [0x00000000ec280000,0x00000000ec9fb7f0,0x00000000eca00000)
  to   space 9728K, 0% used [0x00000000eb900000,0x00000000eb900000,0x00000000ec280000)
 ParOldGen       total 291840K, used 257358K [0x00000000c0000000, 0x00000000d1d00000, 0x00000000eab00000)
  object space 291840K, 88% used [0x00000000c0000000,0x00000000cfb53958,0x00000000d1d00000)
 Metaspace       used 68960K, committed 70208K, reserved 1114112K
  class space    used 7281K, committed 7808K, reserved 1048576K
}
Event: 208.523 GC heap after
{Heap after GC invocations=254 (full 14):
 PSYoungGen      total 20992K, used 6249K [0x00000000eab00000, 0x00000000ec980000, 0x0000000100000000)
  eden space 14336K, 0% used [0x00000000eab00000,0x00000000eab00000,0x00000000eb900000)
  from space 6656K, 93% used [0x00000000eb900000,0x00000000ebf1a500,0x00000000ebf80000)
  to   space 7680K, 0% used [0x00000000ec200000,0x00000000ec200000,0x00000000ec980000)
 ParOldGen       total 291840K, used 262295K [0x00000000c0000000, 0x00000000d1d00000, 0x00000000eab00000)
  object space 291840K, 89% used [0x00000000c0000000,0x00000000d0025c18,0x00000000d1d00000)
 Metaspace       used 68960K, committed 70208K, reserved 1114112K
  class space    used 7281K, committed 7808K, reserved 1048576K
}
Event: 208.555 GC heap before
{Heap before GC invocations=255 (full 14):
 PSYoungGen      total 20992K, used 20585K [0x00000000eab00000, 0x00000000ec980000, 0x0000000100000000)
  eden space 14336K, 100% used [0x00000000eab00000,0x00000000eb900000,0x00000000eb900000)
  from space 6656K, 93% used [0x00000000eb900000,0x00000000ebf1a500,0x00000000ebf80000)
  to   space 7680K, 0% used [0x00000000ec200000,0x00000000ec200000,0x00000000ec980000)
 ParOldGen       total 291840K, used 262295K [0x00000000c0000000, 0x00000000d1d00000, 0x00000000eab00000)
  object space 291840K, 89% used [0x00000000c0000000,0x00000000d0025c18,0x00000000d1d00000)
 Metaspace       used 68960K, committed 70208K, reserved 1114112K
  class space    used 7281K, committed 7808K, reserved 1048576K
}
Event: 208.558 GC heap after
{Heap after GC invocations=255 (full 14):
 PSYoungGen      total 20992K, used 7669K [0x00000000eab00000, 0x00000000ece80000, 0x0000000100000000)
  eden space 13312K, 0% used [0x00000000eab00000,0x00000000eab00000,0x00000000eb800000)
  from space 7680K, 99% used [0x00000000ec200000,0x00000000ec97d718,0x00000000ec980000)
  to   space 10240K, 0% used [0x00000000eb800000,0x00000000eb800000,0x00000000ec200000)
 ParOldGen       total 291840K, used 263893K [0x00000000c0000000, 0x00000000d1d00000, 0x00000000eab00000)
  object space 291840K, 90% used [0x00000000c0000000,0x00000000d01b5790,0x00000000d1d00000)
 Metaspace       used 68960K, committed 70208K, reserved 1114112K
  class space    used 7281K, committed 7808K, reserved 1048576K
}
Event: 208.589 GC heap before
{Heap before GC invocations=256 (full 14):
 PSYoungGen      total 20992K, used 20981K [0x00000000eab00000, 0x00000000ece80000, 0x0000000100000000)
  eden space 13312K, 100% used [0x00000000eab00000,0x00000000eb800000,0x00000000eb800000)
  from space 7680K, 99% used [0x00000000ec200000,0x00000000ec97d718,0x00000000ec980000)
  to   space 10240K, 0% used [0x00000000eb800000,0x00000000eb800000,0x00000000ec200000)
 ParOldGen       total 291840K, used 263893K [0x00000000c0000000, 0x00000000d1d00000, 0x00000000eab00000)
  object space 291840K, 90% used [0x00000000c0000000,0x00000000d01b5790,0x00000000d1d00000)
 Metaspace       used 68960K, committed 70208K, reserved 1114112K
  class space    used 7281K, committed 7808K, reserved 1048576K
}
Event: 208.592 GC heap after
{Heap after GC invocations=256 (full 14):
 PSYoungGen      total 18944K, used 5497K [0x00000000eab00000, 0x00000000ec780000, 0x0000000100000000)
  eden space 13312K, 0% used [0x00000000eab00000,0x00000000eab00000,0x00000000eb800000)
  from space 5632K, 97% used [0x00000000eb800000,0x00000000ebd5e7a8,0x00000000ebd80000)
  to   space 7168K, 0% used [0x00000000ec080000,0x00000000ec080000,0x00000000ec780000)
 ParOldGen       total 291840K, used 269241K [0x00000000c0000000, 0x00000000d1d00000, 0x00000000eab00000)
  object space 291840K, 92% used [0x00000000c0000000,0x00000000d06ee420,0x00000000d1d00000)
 Metaspace       used 68960K, committed 70208K, reserved 1114112K
  class space    used 7281K, committed 7808K, reserved 1048576K
}
Event: 208.620 GC heap before
{Heap before GC invocations=257 (full 14):
 PSYoungGen      total 18944K, used 17836K [0x00000000eab00000, 0x00000000ec780000, 0x0000000100000000)
  eden space 13312K, 92% used [0x00000000eab00000,0x00000000eb70ca20,0x00000000eb800000)
  from space 5632K, 97% used [0x00000000eb800000,0x00000000ebd5e7a8,0x00000000ebd80000)
  to   space 7168K, 0% used [0x00000000ec080000,0x00000000ec080000,0x00000000ec780000)
 ParOldGen       total 291840K, used 269241K [0x00000000c0000000, 0x00000000d1d00000, 0x00000000eab00000)
  object space 291840K, 92% used [0x00000000c0000000,0x00000000d06ee420,0x00000000d1d00000)
 Metaspace       used 68960K, committed 70208K, reserved 1114112K
  class space    used 7281K, committed 7808K, reserved 1048576K
}
Event: 208.623 GC heap after
{Heap after GC invocations=257 (full 14):
 PSYoungGen      total 20480K, used 7137K [0x00000000eab00000, 0x00000000eca80000, 0x0000000100000000)
  eden space 13312K, 0% used [0x00000000eab00000,0x00000000eab00000,0x00000000eb800000)
  from space 7168K, 99% used [0x00000000ec080000,0x00000000ec778770,0x00000000ec780000)
  to   space 8704K, 0% used [0x00000000eb800000,0x00000000eb800000,0x00000000ec080000)
 ParOldGen       total 291840K, used 270006K [0x00000000c0000000, 0x00000000d1d00000, 0x00000000eab00000)
  object space 291840K, 92% used [0x00000000c0000000,0x00000000d07adb18,0x00000000d1d00000)
 Metaspace       used 68960K, committed 70208K, reserved 1114112K
  class space    used 7281K, committed 7808K, reserved 1048576K
}
Event: 208.666 GC heap before
{Heap before GC invocations=258 (full 14):
 PSYoungGen      total 20480K, used 20449K [0x00000000eab00000, 0x00000000eca80000, 0x0000000100000000)
  eden space 13312K, 100% used [0x00000000eab00000,0x00000000eb800000,0x00000000eb800000)
  from space 7168K, 99% used [0x00000000ec080000,0x00000000ec778770,0x00000000ec780000)
  to   space 8704K, 0% used [0x00000000eb800000,0x00000000eb800000,0x00000000ec080000)
 ParOldGen       total 291840K, used 270006K [0x00000000c0000000, 0x00000000d1d00000, 0x00000000eab00000)
  object space 291840K, 92% used [0x00000000c0000000,0x00000000d07adb18,0x00000000d1d00000)
 Metaspace       used 68960K, committed 70208K, reserved 1114112K
  class space    used 7281K, committed 7808K, reserved 1048576K
}
Event: 208.670 GC heap after
{Heap after GC invocations=258 (full 14):
 PSYoungGen      total 22016K, used 6724K [0x00000000eab00000, 0x00000000ec780000, 0x0000000100000000)
  eden space 13312K, 0% used [0x00000000eab00000,0x00000000eab00000,0x00000000eb800000)
  from space 8704K, 77% used [0x00000000eb800000,0x00000000ebe91028,0x00000000ec080000)
  to   space 7168K, 0% used [0x00000000ec080000,0x00000000ec080000,0x00000000ec780000)
 ParOldGen       total 291840K, used 274919K [0x00000000c0000000, 0x00000000d1d00000, 0x00000000eab00000)
  object space 291840K, 94% used [0x00000000c0000000,0x00000000d0c79ed8,0x00000000d1d00000)
 Metaspace       used 68960K, committed 70208K, reserved 1114112K
  class space    used 7281K, committed 7808K, reserved 1048576K
}
Event: 208.700 GC heap before
{Heap before GC invocations=259 (full 14):
 PSYoungGen      total 22016K, used 20036K [0x00000000eab00000, 0x00000000ec780000, 0x0000000100000000)
  eden space 13312K, 100% used [0x00000000eab00000,0x00000000eb800000,0x00000000eb800000)
  from space 8704K, 77% used [0x00000000eb800000,0x00000000ebe91028,0x00000000ec080000)
  to   space 7168K, 0% used [0x00000000ec080000,0x00000000ec080000,0x00000000ec780000)
 ParOldGen       total 291840K, used 274919K [0x00000000c0000000, 0x00000000d1d00000, 0x00000000eab00000)
  object space 291840K, 94% used [0x00000000c0000000,0x00000000d0c79ed8,0x00000000d1d00000)
 Metaspace       used 68976K, committed 70208K, reserved 1114112K
  class space    used 7286K, committed 7808K, reserved 1048576K
}
Event: 208.704 GC heap after
{Heap after GC invocations=259 (full 14):
 PSYoungGen      total 19456K, used 7161K [0x00000000eab00000, 0x00000000ecc80000, 0x0000000100000000)
  eden space 12288K, 0% used [0x00000000eab00000,0x00000000eab00000,0x00000000eb700000)
  from space 7168K, 99% used [0x00000000ec080000,0x00000000ec77e438,0x00000000ec780000)
  to   space 9728K, 0% used [0x00000000eb700000,0x00000000eb700000,0x00000000ec080000)
 ParOldGen       total 291840K, used 276991K [0x00000000c0000000, 0x00000000d1d00000, 0x00000000eab00000)
  object space 291840K, 94% used [0x00000000c0000000,0x00000000d0e7fee0,0x00000000d1d00000)
 Metaspace       used 68976K, committed 70208K, reserved 1114112K
  class space    used 7286K, committed 7808K, reserved 1048576K
}
Event: 208.729 GC heap before
{Heap before GC invocations=260 (full 14):
 PSYoungGen      total 19456K, used 19449K [0x00000000eab00000, 0x00000000ecc80000, 0x0000000100000000)
  eden space 12288K, 100% used [0x00000000eab00000,0x00000000eb700000,0x00000000eb700000)
  from space 7168K, 99% used [0x00000000ec080000,0x00000000ec77e438,0x00000000ec780000)
  to   space 9728K, 0% used [0x00000000eb700000,0x00000000eb700000,0x00000000ec080000)
 ParOldGen       total 291840K, used 276991K [0x00000000c0000000, 0x00000000d1d00000, 0x00000000eab00000)
  object space 291840K, 94% used [0x00000000c0000000,0x00000000d0e7fee0,0x00000000d1d00000)
 Metaspace       used 68976K, committed 70208K, reserved 1114112K
  class space    used 7286K, committed 7808K, reserved 1048576K
}
Event: 208.734 GC heap after
{Heap after GC invocations=260 (full 14):
 PSYoungGen      total 17920K, used 5164K [0x00000000eab00000, 0x00000000ec580000, 0x0000000100000000)
  eden space 12288K, 0% used [0x00000000eab00000,0x00000000eab00000,0x00000000eb700000)
  from space 5632K, 91% used [0x00000000eb700000,0x00000000ebc0b050,0x00000000ebc80000)
  to   space 6656K, 0% used [0x00000000ebf00000,0x00000000ebf00000,0x00000000ec580000)
 ParOldGen       total 291840K, used 281708K [0x00000000c0000000, 0x00000000d1d00000, 0x00000000eab00000)
  object space 291840K, 96% used [0x00000000c0000000,0x00000000d131b130,0x00000000d1d00000)
 Metaspace       used 68976K, committed 70208K, reserved 1114112K
  class space    used 7286K, committed 7808K, reserved 1048576K
}
Event: 208.760 GC heap before
{Heap before GC invocations=261 (full 14):
 PSYoungGen      total 17920K, used 17452K [0x00000000eab00000, 0x00000000ec580000, 0x0000000100000000)
  eden space 12288K, 100% used [0x00000000eab00000,0x00000000eb700000,0x00000000eb700000)
  from space 5632K, 91% used [0x00000000eb700000,0x00000000ebc0b050,0x00000000ebc80000)
  to   space 6656K, 0% used [0x00000000ebf00000,0x00000000ebf00000,0x00000000ec580000)
 ParOldGen       total 291840K, used 281708K [0x00000000c0000000, 0x00000000d1d00000, 0x00000000eab00000)
  object space 291840K, 96% used [0x00000000c0000000,0x00000000d131b130,0x00000000d1d00000)
 Metaspace       used 68976K, committed 70208K, reserved 1114112K
  class space    used 7286K, committed 7808K, reserved 1048576K
}
Event: 208.763 GC heap after
{Heap after GC invocations=261 (full 14):
 PSYoungGen      total 18944K, used 6629K [0x00000000eab00000, 0x00000000ec880000, 0x0000000100000000)
  eden space 12288K, 0% used [0x00000000eab00000,0x00000000eab00000,0x00000000eb700000)
  from space 6656K, 99% used [0x00000000ebf00000,0x00000000ec5797b0,0x00000000ec580000)
  to   space 8192K, 0% used [0x00000000eb700000,0x00000000eb700000,0x00000000ebf00000)
 ParOldGen       total 291840K, used 282668K [0x00000000c0000000, 0x00000000d1d00000, 0x00000000eab00000)
  object space 291840K, 96% used [0x00000000c0000000,0x00000000d140b130,0x00000000d1d00000)
 Metaspace       used 68976K, committed 70208K, reserved 1114112K
  class space    used 7286K, committed 7808K, reserved 1048576K
}
Event: 208.788 GC heap before
{Heap before GC invocations=262 (full 14):
 PSYoungGen      total 18944K, used 18917K [0x00000000eab00000, 0x00000000ec880000, 0x0000000100000000)
  eden space 12288K, 100% used [0x00000000eab00000,0x00000000eb700000,0x00000000eb700000)
  from space 6656K, 99% used [0x00000000ebf00000,0x00000000ec5797b0,0x00000000ec580000)
  to   space 8192K, 0% used [0x00000000eb700000,0x00000000eb700000,0x00000000ebf00000)
 ParOldGen       total 291840K, used 282668K [0x00000000c0000000, 0x00000000d1d00000, 0x00000000eab00000)
  object space 291840K, 96% used [0x00000000c0000000,0x00000000d140b130,0x00000000d1d00000)
 Metaspace       used 68976K, committed 70208K, reserved 1114112K
  class space    used 7286K, committed 7808K, reserved 1048576K
}
Event: 208.791 GC heap after
{Heap after GC invocations=262 (full 14):
 PSYoungGen      total 17920K, used 5136K [0x00000000eab00000, 0x00000000ec480000, 0x0000000100000000)
  eden space 12288K, 0% used [0x00000000eab00000,0x00000000eab00000,0x00000000eb700000)
  from space 5632K, 91% used [0x00000000eb700000,0x00000000ebc043d0,0x00000000ebc80000)
  to   space 6144K, 0% used [0x00000000ebe80000,0x00000000ebe80000,0x00000000ec480000)
 ParOldGen       total 291840K, used 287109K [0x00000000c0000000, 0x00000000d1d00000, 0x00000000eab00000)
  object space 291840K, 98% used [0x00000000c0000000,0x00000000d1861580,0x00000000d1d00000)
 Metaspace       used 68976K, committed 70208K, reserved 1114112K
  class space    used 7286K, committed 7808K, reserved 1048576K
}
Event: 208.791 GC heap before
{Heap before GC invocations=263 (full 15):
 PSYoungGen      total 17920K, used 5136K [0x00000000eab00000, 0x00000000ec480000, 0x0000000100000000)
  eden space 12288K, 0% used [0x00000000eab00000,0x00000000eab00000,0x00000000eb700000)
  from space 5632K, 91% used [0x00000000eb700000,0x00000000ebc043d0,0x00000000ebc80000)
  to   space 6144K, 0% used [0x00000000ebe80000,0x00000000ebe80000,0x00000000ec480000)
 ParOldGen       total 291840K, used 287109K [0x00000000c0000000, 0x00000000d1d00000, 0x00000000eab00000)
  object space 291840K, 98% used [0x00000000c0000000,0x00000000d1861580,0x00000000d1d00000)
 Metaspace       used 68976K, committed 70208K, reserved 1114112K
  class space    used 7286K, committed 7808K, reserved 1048576K
}

